<?xml version="1.0" encoding="UTF-8"?>
<testng-results skipped="0" failed="3" ignored="0" total="5" passed="2">
  <reporter-output>
  </reporter-output>
  <suite name="Default suite" duration-ms="488012" started-at="2017-05-10T17:53:33Z" finished-at="2017-05-10T18:01:41Z">
    <groups>
    </groups>
    <test name="Default test" duration-ms="488012" started-at="2017-05-10T17:53:33Z" finished-at="2017-05-10T18:01:41Z">
      <class name="com.testcases.regression.BaseClass">
        <test-method status="PASS" signature="launchBrowser()[pri:0, instance:com.testcases.regression.BaseClass@17d0008]" name="launchBrowser" is-config="true" duration-ms="7338" started-at="2017-05-10T19:53:33Z" finished-at="2017-05-10T19:53:41Z">
          <reporter-output>
          </reporter-output>
        </test-method> <!-- launchBrowser -->
        <test-method status="PASS" signature="Test_File_Upload()[pri:1, instance:com.testcases.regression.BaseClass@17d0008]" name="Test_File_Upload" duration-ms="69698" started-at="2017-05-10T19:53:41Z" finished-at="2017-05-10T19:54:50Z">
          <reporter-output>
          </reporter-output>
        </test-method> <!-- Test_File_Upload -->
        <test-method status="PASS" signature="closeDriver()[pri:0, instance:com.testcases.regression.BaseClass@17d0008]" name="closeDriver" is-config="true" duration-ms="216" started-at="2017-05-10T19:54:50Z" finished-at="2017-05-10T19:54:51Z">
          <reporter-output>
          </reporter-output>
        </test-method> <!-- closeDriver -->
        <test-method status="PASS" signature="launchBrowser()[pri:0, instance:com.testcases.regression.BaseClass@17d0008]" name="launchBrowser" is-config="true" duration-ms="2285" started-at="2017-05-10T19:54:51Z" finished-at="2017-05-10T19:54:53Z">
          <reporter-output>
          </reporter-output>
        </test-method> <!-- launchBrowser -->
        <test-method status="PASS" signature="Test_File_Upload_Delete()[pri:1, instance:com.testcases.regression.BaseClass@17d0008]" name="Test_File_Upload_Delete" duration-ms="101681" started-at="2017-05-10T19:54:53Z" finished-at="2017-05-10T19:56:35Z">
          <reporter-output>
          </reporter-output>
        </test-method> <!-- Test_File_Upload_Delete -->
        <test-method status="PASS" signature="closeDriver()[pri:0, instance:com.testcases.regression.BaseClass@17d0008]" name="closeDriver" is-config="true" duration-ms="150" started-at="2017-05-10T19:56:35Z" finished-at="2017-05-10T19:56:35Z">
          <reporter-output>
          </reporter-output>
        </test-method> <!-- closeDriver -->
        <test-method status="PASS" signature="launchBrowser()[pri:0, instance:com.testcases.regression.BaseClass@17d0008]" name="launchBrowser" is-config="true" duration-ms="2303" started-at="2017-05-10T19:56:35Z" finished-at="2017-05-10T19:56:37Z">
          <reporter-output>
          </reporter-output>
        </test-method> <!-- launchBrowser -->
        <test-method status="FAIL" signature="Test_File_Upload_Delete_from_Popup()[pri:1, instance:com.testcases.regression.BaseClass@17d0008]" name="Test_File_Upload_Delete_from_Popup" duration-ms="96254" started-at="2017-05-10T19:56:37Z" finished-at="2017-05-10T19:58:13Z">
          <exception class="java.lang.AssertionError">
            <message>
              <![CDATA[no such element: Unable to locate element: {"method":"link text","selector":"xlsx"}
  (Session info: chrome=57.0.2987.133)
  (Driver info: chromedriver=2.29.461591 (62ebf098771772160f391d75e589dc567915b233),platform=Windows NT 6.1.7600 x86) (WARNING: The server did not provide any stacktrace information)
Command duration or timeout: 30.12 seconds
For documentation on this error, please visit: http://seleniumhq.org/exceptions/no_such_element.html
Build info: version: 'unknown', revision: 'unknown', time: 'unknown'
System info: host: 'ADMINSYSTEM-PC', ip: '192.168.0.3', os.name: 'Windows 7', os.arch: 'x86', os.version: '6.1', java.version: '1.8.0_131'
Driver info: org.openqa.selenium.chrome.ChromeDriver
Capabilities [{applicationCacheEnabled=false, rotatable=false, mobileEmulationEnabled=false, networkConnectionEnabled=false, chrome={chromedriverVersion=2.29.461591 (62ebf098771772160f391d75e589dc567915b233), userDataDir=C:\Users\ADMINS~1\AppData\Local\Temp\scoped_dir1800_28383}, takesHeapSnapshot=true, pageLoadStrategy=normal, databaseEnabled=false, handlesAlerts=true, hasTouchScreen=false, version=57.0.2987.133, platform=XP, browserConnectionEnabled=false, nativeEvents=true, acceptSslCerts=true, locationContextEnabled=true, webStorageEnabled=true, browserName=chrome, takesScreenshot=true, javascriptEnabled=true, cssSelectorsEnabled=true, unexpectedAlertBehaviour=}]
Session ID: a510a64eb131698226ad6f128154a356
*** Element info: {Using=link text, value=xlsx}]]>
            </message>
            <full-stacktrace>
              <![CDATA[java.lang.AssertionError: no such element: Unable to locate element: {"method":"link text","selector":"xlsx"}
  (Session info: chrome=57.0.2987.133)
  (Driver info: chromedriver=2.29.461591 (62ebf098771772160f391d75e589dc567915b233),platform=Windows NT 6.1.7600 x86) (WARNING: The server did not provide any stacktrace information)
Command duration or timeout: 30.12 seconds
For documentation on this error, please visit: http://seleniumhq.org/exceptions/no_such_element.html
Build info: version: 'unknown', revision: 'unknown', time: 'unknown'
System info: host: 'ADMINSYSTEM-PC', ip: '192.168.0.3', os.name: 'Windows 7', os.arch: 'x86', os.version: '6.1', java.version: '1.8.0_131'
Driver info: org.openqa.selenium.chrome.ChromeDriver
Capabilities [{applicationCacheEnabled=false, rotatable=false, mobileEmulationEnabled=false, networkConnectionEnabled=false, chrome={chromedriverVersion=2.29.461591 (62ebf098771772160f391d75e589dc567915b233), userDataDir=C:\Users\ADMINS~1\AppData\Local\Temp\scoped_dir1800_28383}, takesHeapSnapshot=true, pageLoadStrategy=normal, databaseEnabled=false, handlesAlerts=true, hasTouchScreen=false, version=57.0.2987.133, platform=XP, browserConnectionEnabled=false, nativeEvents=true, acceptSslCerts=true, locationContextEnabled=true, webStorageEnabled=true, browserName=chrome, takesScreenshot=true, javascriptEnabled=true, cssSelectorsEnabled=true, unexpectedAlertBehaviour=}]
Session ID: a510a64eb131698226ad6f128154a356
*** Element info: {Using=link text, value=xlsx}
	at org.testng.Assert.fail(Assert.java:93)
	at com.testcases.regression.BaseClass.Test_File_Upload_Delete_from_Popup(BaseClass.java:193)
	at sun.reflect.NativeMethodAccessorImpl.invoke0(Native Method)
	at sun.reflect.NativeMethodAccessorImpl.invoke(Unknown Source)
	at sun.reflect.DelegatingMethodAccessorImpl.invoke(Unknown Source)
	at java.lang.reflect.Method.invoke(Unknown Source)
	at org.testng.internal.MethodInvocationHelper.invokeMethod(MethodInvocationHelper.java:108)
	at org.testng.internal.Invoker.invokeMethod(Invoker.java:661)
	at org.testng.internal.Invoker.invokeTestMethod(Invoker.java:869)
	at org.testng.internal.Invoker.invokeTestMethods(Invoker.java:1193)
	at org.testng.internal.TestMethodWorker.invokeTestMethods(TestMethodWorker.java:126)
	at org.testng.internal.TestMethodWorker.run(TestMethodWorker.java:109)
	at org.testng.TestRunner.privateRun(TestRunner.java:744)
	at org.testng.TestRunner.run(TestRunner.java:602)
	at org.testng.SuiteRunner.runTest(SuiteRunner.java:380)
	at org.testng.SuiteRunner.runSequentially(SuiteRunner.java:375)
	at org.testng.SuiteRunner.privateRun(SuiteRunner.java:340)
	at org.testng.SuiteRunner.run(SuiteRunner.java:289)
	at org.testng.SuiteRunnerWorker.runSuite(SuiteRunnerWorker.java:52)
	at org.testng.SuiteRunnerWorker.run(SuiteRunnerWorker.java:86)
	at org.testng.TestNG.runSuitesSequentially(TestNG.java:1301)
	at org.testng.TestNG.runSuitesLocally(TestNG.java:1226)
	at org.testng.TestNG.runSuites(TestNG.java:1144)
	at org.testng.TestNG.run(TestNG.java:1115)
	at org.testng.remote.AbstractRemoteTestNG.run(AbstractRemoteTestNG.java:132)
	at org.testng.remote.RemoteTestNG.initAndRun(RemoteTestNG.java:230)
	at org.testng.remote.RemoteTestNG.main(RemoteTestNG.java:76)
]]>
            </full-stacktrace>
          </exception> <!-- java.lang.AssertionError -->
          <reporter-output>
          </reporter-output>
        </test-method> <!-- Test_File_Upload_Delete_from_Popup -->
        <test-method status="PASS" signature="closeDriver()[pri:0, instance:com.testcases.regression.BaseClass@17d0008]" name="closeDriver" is-config="true" duration-ms="179" started-at="2017-05-10T19:58:13Z" finished-at="2017-05-10T19:58:14Z">
          <reporter-output>
          </reporter-output>
        </test-method> <!-- closeDriver -->
        <test-method status="PASS" signature="launchBrowser()[pri:0, instance:com.testcases.regression.BaseClass@17d0008]" name="launchBrowser" is-config="true" duration-ms="2754" started-at="2017-05-10T19:58:14Z" finished-at="2017-05-10T19:58:16Z">
          <reporter-output>
          </reporter-output>
        </test-method> <!-- launchBrowser -->
        <test-method status="FAIL" signature="Test_Create_Search()[pri:2, instance:com.testcases.regression.BaseClass@17d0008]" name="Test_Create_Search" duration-ms="105897" started-at="2017-05-10T19:58:16Z" finished-at="2017-05-10T20:00:02Z">
          <exception class="java.lang.AssertionError">
            <message>
              <![CDATA[Error: Board name is available in search list expected [false] but found [true]]]>
            </message>
            <full-stacktrace>
              <![CDATA[java.lang.AssertionError: Error: Board name is available in search list expected [false] but found [true]
	at org.testng.Assert.fail(Assert.java:93)
	at org.testng.Assert.failNotEquals(Assert.java:512)
	at org.testng.Assert.assertEqualsImpl(Assert.java:134)
	at org.testng.Assert.assertEquals(Assert.java:115)
	at org.testng.Assert.assertEquals(Assert.java:304)
	at com.testcases.regression.BaseClass.Test_Create_Search(BaseClass.java:224)
	at sun.reflect.NativeMethodAccessorImpl.invoke0(Native Method)
	at sun.reflect.NativeMethodAccessorImpl.invoke(Unknown Source)
	at sun.reflect.DelegatingMethodAccessorImpl.invoke(Unknown Source)
	at java.lang.reflect.Method.invoke(Unknown Source)
	at org.testng.internal.MethodInvocationHelper.invokeMethod(MethodInvocationHelper.java:108)
	at org.testng.internal.Invoker.invokeMethod(Invoker.java:661)
	at org.testng.internal.Invoker.invokeTestMethod(Invoker.java:869)
	at org.testng.internal.Invoker.invokeTestMethods(Invoker.java:1193)
	at org.testng.internal.TestMethodWorker.invokeTestMethods(TestMethodWorker.java:126)
	at org.testng.internal.TestMethodWorker.run(TestMethodWorker.java:109)
	at org.testng.TestRunner.privateRun(TestRunner.java:744)
	at org.testng.TestRunner.run(TestRunner.java:602)
	at org.testng.SuiteRunner.runTest(SuiteRunner.java:380)
	at org.testng.SuiteRunner.runSequentially(SuiteRunner.java:375)
	at org.testng.SuiteRunner.privateRun(SuiteRunner.java:340)
	at org.testng.SuiteRunner.run(SuiteRunner.java:289)
	at org.testng.SuiteRunnerWorker.runSuite(SuiteRunnerWorker.java:52)
	at org.testng.SuiteRunnerWorker.run(SuiteRunnerWorker.java:86)
	at org.testng.TestNG.runSuitesSequentially(TestNG.java:1301)
	at org.testng.TestNG.runSuitesLocally(TestNG.java:1226)
	at org.testng.TestNG.runSuites(TestNG.java:1144)
	at org.testng.TestNG.run(TestNG.java:1115)
	at org.testng.remote.AbstractRemoteTestNG.run(AbstractRemoteTestNG.java:132)
	at org.testng.remote.RemoteTestNG.initAndRun(RemoteTestNG.java:230)
	at org.testng.remote.RemoteTestNG.main(RemoteTestNG.java:76)
]]>
            </full-stacktrace>
          </exception> <!-- java.lang.AssertionError -->
          <reporter-output>
          </reporter-output>
        </test-method> <!-- Test_Create_Search -->
        <test-method status="PASS" signature="closeDriver()[pri:0, instance:com.testcases.regression.BaseClass@17d0008]" name="closeDriver" is-config="true" duration-ms="121" started-at="2017-05-10T20:00:02Z" finished-at="2017-05-10T20:00:02Z">
          <reporter-output>
          </reporter-output>
        </test-method> <!-- closeDriver -->
        <test-method status="PASS" signature="launchBrowser()[pri:0, instance:com.testcases.regression.BaseClass@17d0008]" name="launchBrowser" is-config="true" duration-ms="2252" started-at="2017-05-10T20:00:02Z" finished-at="2017-05-10T20:00:05Z">
          <reporter-output>
          </reporter-output>
        </test-method> <!-- launchBrowser -->
        <test-method status="FAIL" signature="Test_DeleteBoard()[pri:2, instance:com.testcases.regression.BaseClass@17d0008]" name="Test_DeleteBoard" duration-ms="96682" started-at="2017-05-10T20:00:05Z" finished-at="2017-05-10T20:01:41Z">
          <exception class="java.lang.AssertionError">
            <message>
              <![CDATA[Error: Board name is available in search list expected [false] but found [true]]]>
            </message>
            <full-stacktrace>
              <![CDATA[java.lang.AssertionError: Error: Board name is available in search list expected [false] but found [true]
	at org.testng.Assert.fail(Assert.java:93)
	at org.testng.Assert.failNotEquals(Assert.java:512)
	at org.testng.Assert.assertEqualsImpl(Assert.java:134)
	at org.testng.Assert.assertEquals(Assert.java:115)
	at org.testng.Assert.assertEquals(Assert.java:304)
	at com.testcases.regression.BaseClass.Test_DeleteBoard(BaseClass.java:264)
	at sun.reflect.NativeMethodAccessorImpl.invoke0(Native Method)
	at sun.reflect.NativeMethodAccessorImpl.invoke(Unknown Source)
	at sun.reflect.DelegatingMethodAccessorImpl.invoke(Unknown Source)
	at java.lang.reflect.Method.invoke(Unknown Source)
	at org.testng.internal.MethodInvocationHelper.invokeMethod(MethodInvocationHelper.java:108)
	at org.testng.internal.Invoker.invokeMethod(Invoker.java:661)
	at org.testng.internal.Invoker.invokeTestMethod(Invoker.java:869)
	at org.testng.internal.Invoker.invokeTestMethods(Invoker.java:1193)
	at org.testng.internal.TestMethodWorker.invokeTestMethods(TestMethodWorker.java:126)
	at org.testng.internal.TestMethodWorker.run(TestMethodWorker.java:109)
	at org.testng.TestRunner.privateRun(TestRunner.java:744)
	at org.testng.TestRunner.run(TestRunner.java:602)
	at org.testng.SuiteRunner.runTest(SuiteRunner.java:380)
	at org.testng.SuiteRunner.runSequentially(SuiteRunner.java:375)
	at org.testng.SuiteRunner.privateRun(SuiteRunner.java:340)
	at org.testng.SuiteRunner.run(SuiteRunner.java:289)
	at org.testng.SuiteRunnerWorker.runSuite(SuiteRunnerWorker.java:52)
	at org.testng.SuiteRunnerWorker.run(SuiteRunnerWorker.java:86)
	at org.testng.TestNG.runSuitesSequentially(TestNG.java:1301)
	at org.testng.TestNG.runSuitesLocally(TestNG.java:1226)
	at org.testng.TestNG.runSuites(TestNG.java:1144)
	at org.testng.TestNG.run(TestNG.java:1115)
	at org.testng.remote.AbstractRemoteTestNG.run(AbstractRemoteTestNG.java:132)
	at org.testng.remote.RemoteTestNG.initAndRun(RemoteTestNG.java:230)
	at org.testng.remote.RemoteTestNG.main(RemoteTestNG.java:76)
]]>
            </full-stacktrace>
          </exception> <!-- java.lang.AssertionError -->
          <reporter-output>
          </reporter-output>
        </test-method> <!-- Test_DeleteBoard -->
        <test-method status="PASS" signature="closeDriver()[pri:0, instance:com.testcases.regression.BaseClass@17d0008]" name="closeDriver" is-config="true" duration-ms="124" started-at="2017-05-10T20:01:41Z" finished-at="2017-05-10T20:01:41Z">
          <reporter-output>
          </reporter-output>
        </test-method> <!-- closeDriver -->
      </class> <!-- com.testcases.regression.BaseClass -->
    </test> <!-- Default test -->
  </suite> <!-- Default suite -->
</testng-results>
